<?xml version="1.0" encoding="UTF-8"?>
<!-- Generated by org.testng.reporters.JUnitXMLReporter -->
<testsuite ignored="0" hostname="Samaritan" failures="0" tests="45" name="Surefire test" time="15.426" errors="0" timestamp="2025-12-01T17:48:28 IST">
  <testcase classname="com.example.demo.ApiIntegrationTests" name="test01_controllersFolderExists" time="0.013"/>
  <testcase classname="com.example.demo.ApiIntegrationTests" name="test02_entitiesFolderExists" time="0.002"/>
  <testcase classname="com.example.demo.ApiIntegrationTests" name="test03_repositoriesFolderExists" time="0.002"/>
  <testcase classname="com.example.demo.ApiIntegrationTests" name="test04_eventControllerFileExists" time="0.001"/>
  <testcase classname="com.example.demo.ApiIntegrationTests" name="test05_authControllerFileExists" time="0.002"/>
  <testcase classname="com.example.demo.ApiIntegrationTests" name="test06_contextLoads" time="0.001"/>
  <testcase classname="com.example.demo.ApiIntegrationTests" name="test07_baseUrlIsNotEmpty" time="0.002"/>
  <testcase classname="com.example.demo.ApiIntegrationTests" name="test08_swaggerUiPathString" time="0.001"/>
  <testcase classname="com.example.demo.ApiIntegrationTests" name="test09_getPublicEvents_statusOk" time="0.593"/>
  <testcase classname="com.example.demo.ApiIntegrationTests" name="test10_getPublicEvents_bodyNotNull" time="0.018"/>
  <testcase classname="com.example.demo.ApiIntegrationTests" name="test11_getPublicEvents_returnsJsonArrayOrEmpty" time="0.014"/>
  <testcase classname="com.example.demo.ApiIntegrationTests" name="test12_getPublicEvents_contentTypeJson" time="0.016"/>
  <testcase classname="com.example.demo.ApiIntegrationTests" name="test13_getPublicEvents_noAuthRequired" time="0.013"/>
  <testcase classname="com.example.demo.ApiIntegrationTests" name="test14_registerUser_statusOkOrBadRequest" time="0.173"/>
  <testcase classname="com.example.demo.ApiIntegrationTests" name="test15_registerUser_returnsMessage" time="0.014"/>
  <testcase classname="com.example.demo.ApiIntegrationTests" name="test16_loginUser_statusOk" time="0.04"/>
  <testcase classname="com.example.demo.ApiIntegrationTests" name="test17_loginUser_returnsTokenField" time="0.034"/>
  <testcase classname="com.example.demo.ApiIntegrationTests" name="test18_loginInvalidCredentials_statusUnauthorized" time="0.017"/>
  <testcase classname="com.example.demo.ApiIntegrationTests" name="test19_registerUser_missingName_badRequest" time="0.017"/>
  <testcase classname="com.example.demo.ApiIntegrationTests" name="test20_registerDuplicateUser_badRequest" time="0.028"/>
  <testcase classname="com.example.demo.ApiIntegrationTests" name="test21_loginUser_responseContentTypeJson" time="0.029"/>
  <testcase classname="com.example.demo.ApiIntegrationTests" name="test22_registerSubscriber_statusOk" time="0.172"/>
  <testcase classname="com.example.demo.ApiIntegrationTests" name="test23_registerSubscriber_bodyNotNull" time="0.032"/>
  <testcase classname="com.example.demo.ApiIntegrationTests" name="test24_registerSubscriber_invalidMissingName_badRequest" time="0.044"/>
  <testcase classname="com.example.demo.ApiIntegrationTests" name="test25_getSubscribersMatch_requiresAuth" time="0.027"/>
  <testcase classname="com.example.demo.ApiIntegrationTests" name="test26_registerSubscriber_statusCodeIn2xxRange" time="0.024"/>
  <testcase classname="com.example.demo.ApiIntegrationTests" name="test27_generateToken_notNullAndNonEmpty" time="0.124"/>
  <testcase classname="com.example.demo.ApiIntegrationTests" name="test28_validateToken_trueForValidToken" time="0.052"/>
  <testcase classname="com.example.demo.ApiIntegrationTests" name="test29_validateToken_falseForInvalidToken" time="0.002"/>
  <testcase classname="com.example.demo.ApiIntegrationTests" name="test30_createEvent_statusOk" time="0.038"/>
  <testcase classname="com.example.demo.ApiIntegrationTests" name="test31_getEvent_requiresAuth" time="0.01"/>
  <testcase classname="com.example.demo.ApiIntegrationTests" name="test32_getEventsByOrganizer_requiresAuth" time="0.01"/>
  <testcase classname="com.example.demo.ApiIntegrationTests" name="test33_deleteEvent_requiresAuth" time="0.015"/>
  <testcase classname="com.example.demo.ApiIntegrationTests" name="test34_createEvent_missingTitle_badRequestOrError" time="0.038"/>
  <testcase classname="com.example.demo.ApiIntegrationTests" name="test35_getPublicEvents_statusFamily2xx" time="0.009"/>
  <testcase classname="com.example.demo.ApiIntegrationTests" name="test36_getPublicEvents_bodyIsString" time="0.01"/>
  <testcase classname="com.example.demo.ApiIntegrationTests" name="test37_scheduleBroadcast_requiresAuth" time="0.012"/>
  <testcase classname="com.example.demo.ApiIntegrationTests" name="test38_runBroadcast_requiresAuth" time="0.011"/>
  <testcase classname="com.example.demo.ApiIntegrationTests" name="test39_getBroadcastsByEvent_requiresAuth" time="0.01"/>
  <testcase classname="com.example.demo.ApiIntegrationTests" name="test40_getBroadcastLogs_requiresAuth" time="0.01"/>
  <testcase classname="com.example.demo.ApiIntegrationTests" name="test41_scheduleBroadcast_statusCode4xxOr5xxWithoutAuth" time="0.009"/>
  <testcase classname="com.example.demo.ApiIntegrationTests" name="test42_runBroadcast_statusCode4xxOr5xxWithoutAuth" time="0.009"/>
  <testcase classname="com.example.demo.ApiIntegrationTests" name="test43_getBroadcastsByEvent_statusCode4xxOr5xxWithoutAuth" time="0.01"/>
  <testcase classname="com.example.demo.ApiIntegrationTests" name="test44_getBroadcastLogs_statusCode4xxOr5xxWithoutAuth" time="0.011"/>
  <testcase classname="com.example.demo.ApiIntegrationTests" name="test45_apiBaseUrlStringIsWellFormed" time="0.001"/>
</testsuite> <!-- Surefire test -->
