<?xml version="1.0" encoding="UTF-8"?>
<testsuite xmlns:xsi="http://www.w3.org/2001/XMLSchema-instance" xsi:noNamespaceSchemaLocation="https://maven.apache.org/surefire/maven-surefire-plugin/xsd/surefire-test-report-3.0.xsd" version="3.0" name="TestSuite" time="17.372" tests="45" errors="0" skipped="0" failures="0">
  <properties>
[...]
</properties>
  <testcase name="test01_controllersFolderExists" classname="com.example.demo.ApiIntegrationTests" time="0.014">
    <system-out><![CDATA[17:48:12.286 [main] INFO org.springframework.test.context.support.AnnotationConfigContextLoaderUtils -- Could not detect default configuration classes for test class [com.example.demo.ApiIntegrationTests]: ApiIntegrationTests does not declare any static, non-private, non-final, nested classes annotated with @Configuration.
17:48:12.555 [main] INFO org.springframework.boot.test.context.SpringBootTestContextBootstrapper -- Found @SpringBootConfiguration com.example.demo.EventBroadcastingApplication for test class com.example.demo.ApiIntegrationTests

  .   ____          _            __ _ _
 /\\ / ___'_ __ _ _(_)_ __  __ _ \ \ \ \
( ( )\___ | '_ | '_| | '_ \/ _` | \ \ \ \
 \\/  ___)| |_)| | | | | || (_| |  ) ) ) )
  '  |____| .__|_| |_|_| |_\__, | / / / /
 =========|_|==============|___/=/_/_/_/
 :: Spring Boot ::                (v3.2.0)

2025-12-01T17:48:13.790+05:30  INFO 25248 --- [           main] com.example.demo.ApiIntegrationTests     : Starting ApiIntegrationTests using Java 19.0.2 with PID 25248 (C:\Users\arunt\OneDrive\Documents\spring_portal\FullProjects\DigitalLocalEventBroadcastingAPI\target\test-classes started by arunt in C:\Users\arunt\OneDrive\Documents\spring_portal\FullProjects\DigitalLocalEventBroadcastingAPI)
2025-12-01T17:48:13.792+05:30  INFO 25248 --- [           main] com.example.demo.ApiIntegrationTests     : No active profile set, falling back to 1 default profile: "default"
2025-12-01T17:48:15.755+05:30  INFO 25248 --- [           main] .s.d.r.c.RepositoryConfigurationDelegate : Bootstrapping Spring Data JPA repositories in DEFAULT mode.
2025-12-01T17:48:15.947+05:30  INFO 25248 --- [           main] .s.d.r.c.RepositoryConfigurationDelegate : Finished Spring Data repository scanning in 175 ms. Found 5 JPA repository interfaces.
2025-12-01T17:48:17.368+05:30  INFO 25248 --- [           main] o.s.b.w.embedded.tomcat.TomcatWebServer  : Tomcat initialized with port 0 (http)
2025-12-01T17:48:17.395+05:30  INFO 25248 --- [           main] o.apache.catalina.core.StandardService   : Starting service [Tomcat]
2025-12-01T17:48:17.396+05:30  INFO 25248 --- [           main] o.apache.catalina.core.StandardEngine    : Starting Servlet engine: [Apache Tomcat/10.1.16]
2025-12-01T17:48:17.550+05:30  INFO 25248 --- [           main] o.a.c.c.C.[Tomcat].[localhost].[/]       : Initializing Spring embedded WebApplicationContext
2025-12-01T17:48:17.553+05:30  INFO 25248 --- [           main] w.s.c.ServletWebServerApplicationContext : Root WebApplicationContext: initialization completed in 3712 ms
2025-12-01T17:48:17.950+05:30  INFO 25248 --- [           main] o.hibernate.jpa.internal.util.LogHelper  : HHH000204: Processing PersistenceUnitInfo [name: default]
2025-12-01T17:48:18.093+05:30  INFO 25248 --- [           main] org.hibernate.Version                    : HHH000412: Hibernate ORM core version 6.3.1.Final
2025-12-01T17:48:18.175+05:30  INFO 25248 --- [           main] o.h.c.internal.RegionFactoryInitiator    : HHH000026: Second-level cache disabled
2025-12-01T17:48:18.731+05:30  INFO 25248 --- [           main] o.s.o.j.p.SpringPersistenceUnitInfo      : No LoadTimeWeaver setup: ignoring JPA class transformer
2025-12-01T17:48:18.781+05:30  INFO 25248 --- [           main] com.zaxxer.hikari.HikariDataSource       : HikariPool-1 - Starting...
2025-12-01T17:48:19.388+05:30  INFO 25248 --- [           main] com.zaxxer.hikari.pool.HikariPool        : HikariPool-1 - Added connection com.mysql.cj.jdbc.ConnectionImpl@6b289535
2025-12-01T17:48:19.391+05:30  INFO 25248 --- [           main] com.zaxxer.hikari.HikariDataSource       : HikariPool-1 - Start completed.
2025-12-01T17:48:19.517+05:30  WARN 25248 --- [           main] org.hibernate.orm.deprecation            : HHH90000025: MySQLDialect does not need to be specified explicitly using 'hibernate.dialect' (remove the property setting and it will be selected by default)
2025-12-01T17:48:21.624+05:30  INFO 25248 --- [           main] o.h.e.t.j.p.i.JtaPlatformInitiator       : HHH000489: No JTA platform available (set 'hibernate.transaction.jta.platform' to enable JTA platform integration)
2025-12-01T17:48:21.846+05:30  INFO 25248 --- [           main] j.LocalContainerEntityManagerFactoryBean : Initialized JPA EntityManagerFactory for persistence unit 'default'
2025-12-01T17:48:22.732+05:30  INFO 25248 --- [           main] o.s.d.j.r.query.QueryEnhancerFactory     : Hibernate is in classpath; If applicable, HQL parser will be used.
2025-12-01T17:48:23.970+05:30  WARN 25248 --- [           main] JpaBaseConfiguration$JpaWebConfiguration : spring.jpa.open-in-view is enabled by default. Therefore, database queries may be performed during view rendering. Explicitly configure spring.jpa.open-in-view to disable this warning
2025-12-01T17:48:24.005+05:30  WARN 25248 --- [           main] .s.s.UserDetailsServiceAutoConfiguration : 

Using generated security password: 0196a2c0-c354-4b60-92f8-937e44e93eac

This generated password is for development use only. Your security configuration must be updated before running your application in production.

2025-12-01T17:48:24.639+05:30  INFO 25248 --- [           main] o.s.s.web.DefaultSecurityFilterChain     : Will secure any request with [org.springframework.security.web.session.DisableEncodeUrlFilter@70bca957, org.springframework.security.web.context.request.async.WebAsyncManagerIntegrationFilter@4fbd0d1, org.springframework.security.web.context.SecurityContextHolderFilter@3a8dd899, org.springframework.security.web.header.HeaderWriterFilter@75351aec, org.springframework.web.filter.CorsFilter@7b128cd2, org.springframework.security.web.authentication.logout.LogoutFilter@66e17bf2, com.example.demo.security.JwtAuthenticationFilter@7739aac4, org.springframework.security.web.savedrequest.RequestCacheAwareFilter@448861e5, org.springframework.security.web.servletapi.SecurityContextHolderAwareRequestFilter@72bd8702, org.springframework.security.web.authentication.AnonymousAuthenticationFilter@519e110b, org.springframework.security.web.session.SessionManagementFilter@1c83652d, org.springframework.security.web.access.ExceptionTranslationFilter@339de67e, org.springframework.security.web.access.intercept.AuthorizationFilter@7b51fc45]
2025-12-01T17:48:25.410+05:30  INFO 25248 --- [           main] o.s.b.w.embedded.tomcat.TomcatWebServer  : Tomcat started on port 50412 (http) with context path ''
2025-12-01T17:48:25.426+05:30  INFO 25248 --- [           main] com.example.demo.ApiIntegrationTests     : Started ApiIntegrationTests in 12.267 seconds (process running for 14.627)
]]></system-out>
  </testcase>
  <testcase name="test02_entitiesFolderExists" classname="com.example.demo.ApiIntegrationTests" time="0.004">
    <system-out><![CDATA[test01_controllersFolderExists - PASS
]]></system-out>
  </testcase>
  <testcase name="test03_repositoriesFolderExists" classname="com.example.demo.ApiIntegrationTests" time="0">
    <system-out><![CDATA[test02_entitiesFolderExists - PASS
]]></system-out>
  </testcase>
  <testcase name="test04_eventControllerFileExists" classname="com.example.demo.ApiIntegrationTests" time="0">
    <system-out><![CDATA[test03_repositoriesFolderExists - PASS
]]></system-out>
  </testcase>
  <testcase name="test05_authControllerFileExists" classname="com.example.demo.ApiIntegrationTests" time="0">
    <system-out><![CDATA[test04_eventControllerFileExists - PASS
]]></system-out>
  </testcase>
  <testcase name="test06_contextLoads" classname="com.example.demo.ApiIntegrationTests" time="0">
    <system-out><![CDATA[test05_authControllerFileExists - PASS
]]></system-out>
  </testcase>
  <testcase name="test07_baseUrlIsNotEmpty" classname="com.example.demo.ApiIntegrationTests" time="0">
    <system-out><![CDATA[test06_contextLoads - PASS
]]></system-out>
  </testcase>
  <testcase name="test08_swaggerUiPathString" classname="com.example.demo.ApiIntegrationTests" time="0">
    <system-out><![CDATA[test07_baseUrlIsNotEmpty - PASS
]]></system-out>
  </testcase>
  <testcase name="test09_getPublicEvents_statusOk" classname="com.example.demo.ApiIntegrationTests" time="0.588">
    <system-out><![CDATA[test08_swaggerUiPathString - PASS
2025-12-01T17:48:26.749+05:30  INFO 25248 --- [o-auto-1-exec-1] o.a.c.c.C.[Tomcat].[localhost].[/]       : Initializing Spring DispatcherServlet 'dispatcherServlet'
2025-12-01T17:48:26.751+05:30  INFO 25248 --- [o-auto-1-exec-1] o.s.web.servlet.DispatcherServlet        : Initializing Servlet 'dispatcherServlet'
2025-12-01T17:48:26.754+05:30  INFO 25248 --- [o-auto-1-exec-1] o.s.web.servlet.DispatcherServlet        : Completed initialization in 2 ms
2025-12-01T17:48:26.783+05:30  WARN 25248 --- [o-auto-1-exec-1] o.s.w.s.h.HandlerMappingIntrospector     : Cache miss for REQUEST dispatch to '/events/public' (previous null). Performing CorsConfiguration lookup. This is logged once only at WARN level, and every time at TRACE.
2025-12-01T17:48:26.823+05:30  WARN 25248 --- [o-auto-1-exec-1] o.s.w.s.h.HandlerMappingIntrospector     : Cache miss for REQUEST dispatch to '/events/public' (previous null). Performing MatchableHandlerMapping lookup. This is logged once only at WARN level, and every time at TRACE.
Hibernate: 
    select
        e1_0.id,
        e1_0.category,
        e1_0.created_on,
        e1_0.description,
        e1_0.end_time,
        e1_0.is_public,
        e1_0.location,
        e1_0.organizer_id,
        e1_0.start_time,
        e1_0.title 
    from
        events e1_0 
    where
        e1_0.is_public
]]></system-out>
  </testcase>
  <testcase name="test10_getPublicEvents_bodyNotNull" classname="com.example.demo.ApiIntegrationTests" time="0.017">
    <system-out><![CDATA[test09_getPublicEvents_statusOk - PASS
Hibernate: 
    select
        e1_0.id,
        e1_0.category,
        e1_0.created_on,
        e1_0.description,
        e1_0.end_time,
        e1_0.is_public,
        e1_0.location,
        e1_0.organizer_id,
        e1_0.start_time,
        e1_0.title 
    from
        events e1_0 
    where
        e1_0.is_public
]]></system-out>
  </testcase>
  <testcase name="test11_getPublicEvents_returnsJsonArrayOrEmpty" classname="com.example.demo.ApiIntegrationTests" time="0.005">
    <system-out><![CDATA[test10_getPublicEvents_bodyNotNull - PASS
Hibernate: 
    select
        e1_0.id,
        e1_0.category,
        e1_0.created_on,
        e1_0.description,
        e1_0.end_time,
        e1_0.is_public,
        e1_0.location,
        e1_0.organizer_id,
        e1_0.start_time,
        e1_0.title 
    from
        events e1_0 
    where
        e1_0.is_public
]]></system-out>
  </testcase>
  <testcase name="test12_getPublicEvents_contentTypeJson" classname="com.example.demo.ApiIntegrationTests" time="0.016">
    <system-out><![CDATA[test11_getPublicEvents_returnsJsonArrayOrEmpty - PASS
Hibernate: 
    select
        e1_0.id,
        e1_0.category,
        e1_0.created_on,
        e1_0.description,
        e1_0.end_time,
        e1_0.is_public,
        e1_0.location,
        e1_0.organizer_id,
        e1_0.start_time,
        e1_0.title 
    from
        events e1_0 
    where
        e1_0.is_public
]]></system-out>
  </testcase>
  <testcase name="test13_getPublicEvents_noAuthRequired" classname="com.example.demo.ApiIntegrationTests" time="0.013">
    <system-out><![CDATA[test12_getPublicEvents_contentTypeJson - PASS
Hibernate: 
    select
        e1_0.id,
        e1_0.category,
        e1_0.created_on,
        e1_0.description,
        e1_0.end_time,
        e1_0.is_public,
        e1_0.location,
        e1_0.organizer_id,
        e1_0.start_time,
        e1_0.title 
    from
        events e1_0 
    where
        e1_0.is_public
]]></system-out>
  </testcase>
  <testcase name="test14_registerUser_statusOkOrBadRequest" classname="com.example.demo.ApiIntegrationTests" time="0.154">
    <system-out><![CDATA[test13_getPublicEvents_noAuthRequired - PASS
Hibernate: 
    select
        u1_0.id,
        u1_0.email,
        u1_0.name,
        u1_0.password,
        u1_0.role 
    from
        users u1_0 
    where
        u1_0.email=?
]]></system-out>
  </testcase>
  <testcase name="test15_registerUser_returnsMessage" classname="com.example.demo.ApiIntegrationTests" time="0.012">
    <system-out><![CDATA[test14_registerUser_statusOkOrBadRequest - PASS
Hibernate: 
    select
        u1_0.id,
        u1_0.email,
        u1_0.name,
        u1_0.password,
        u1_0.role 
    from
        users u1_0 
    where
        u1_0.email=?
]]></system-out>
  </testcase>
  <testcase name="test16_loginUser_statusOk" classname="com.example.demo.ApiIntegrationTests" time="0.038">
    <system-out><![CDATA[test15_registerUser_returnsMessage - PASS
Hibernate: 
    select
        u1_0.id,
        u1_0.email,
        u1_0.name,
        u1_0.password,
        u1_0.role 
    from
        users u1_0 
    where
        u1_0.email=?
Hibernate: 
    select
        u1_0.id,
        u1_0.email,
        u1_0.name,
        u1_0.password,
        u1_0.role 
    from
        users u1_0 
    where
        u1_0.email=?
]]></system-out>
  </testcase>
  <testcase name="test17_loginUser_returnsTokenField" classname="com.example.demo.ApiIntegrationTests" time="0.029">
    <system-out><![CDATA[test16_loginUser_statusOk - PASS
Hibernate: 
    select
        u1_0.id,
        u1_0.email,
        u1_0.name,
        u1_0.password,
        u1_0.role 
    from
        users u1_0 
    where
        u1_0.email=?
Hibernate: 
    select
        u1_0.id,
        u1_0.email,
        u1_0.name,
        u1_0.password,
        u1_0.role 
    from
        users u1_0 
    where
        u1_0.email=?
]]></system-out>
  </testcase>
  <testcase name="test18_loginInvalidCredentials_statusUnauthorized" classname="com.example.demo.ApiIntegrationTests" time="0.014">
    <system-out><![CDATA[test17_loginUser_returnsTokenField - PASS
Hibernate: 
    select
        u1_0.id,
        u1_0.email,
        u1_0.name,
        u1_0.password,
        u1_0.role 
    from
        users u1_0 
    where
        u1_0.email=?
]]></system-out>
  </testcase>
  <testcase name="test19_registerUser_missingName_badRequest" classname="com.example.demo.ApiIntegrationTests" time="0.016">
    <system-out><![CDATA[test18_loginInvalidCredentials_statusUnauthorized - PASS
Hibernate: 
    select
        u1_0.id,
        u1_0.email,
        u1_0.name,
        u1_0.password,
        u1_0.role 
    from
        users u1_0 
    where
        u1_0.email=?
]]></system-out>
  </testcase>
  <testcase name="test20_registerDuplicateUser_badRequest" classname="com.example.demo.ApiIntegrationTests" time="0.025">
    <system-out><![CDATA[test19_registerUser_missingName_badRequest - PASS
Hibernate: 
    select
        u1_0.id,
        u1_0.email,
        u1_0.name,
        u1_0.password,
        u1_0.role 
    from
        users u1_0 
    where
        u1_0.email=?
Hibernate: 
    select
        u1_0.id,
        u1_0.email,
        u1_0.name,
        u1_0.password,
        u1_0.role 
    from
        users u1_0 
    where
        u1_0.email=?
]]></system-out>
  </testcase>
  <testcase name="test21_loginUser_responseContentTypeJson" classname="com.example.demo.ApiIntegrationTests" time="0.026">
    <system-out><![CDATA[test20_registerDuplicateUser_badRequest - PASS
Hibernate: 
    select
        u1_0.id,
        u1_0.email,
        u1_0.name,
        u1_0.password,
        u1_0.role 
    from
        users u1_0 
    where
        u1_0.email=?
Hibernate: 
    select
        u1_0.id,
        u1_0.email,
        u1_0.name,
        u1_0.password,
        u1_0.role 
    from
        users u1_0 
    where
        u1_0.email=?
]]></system-out>
  </testcase>
  <testcase name="test22_registerSubscriber_statusOk" classname="com.example.demo.ApiIntegrationTests" time="0.17">
    <system-out><![CDATA[test21_loginUser_responseContentTypeJson - PASS
Hibernate: 
    insert 
    into
        subscribers
        (email, name, preferred_categories, preferred_locations, subscribed_on) 
    values
        (?, ?, ?, ?, ?)
]]></system-out>
  </testcase>
  <testcase name="test23_registerSubscriber_bodyNotNull" classname="com.example.demo.ApiIntegrationTests" time="0.03">
    <system-out><![CDATA[test22_registerSubscriber_statusOk - PASS
Hibernate: 
    insert 
    into
        subscribers
        (email, name, preferred_categories, preferred_locations, subscribed_on) 
    values
        (?, ?, ?, ?, ?)
]]></system-out>
  </testcase>
  <testcase name="test24_registerSubscriber_invalidMissingName_badRequest" classname="com.example.demo.ApiIntegrationTests" time="0.043">
    <system-out><![CDATA[test23_registerSubscriber_bodyNotNull - PASS
Hibernate: 
    insert 
    into
        subscribers
        (email, name, preferred_categories, preferred_locations, subscribed_on) 
    values
        (?, ?, ?, ?, ?)
2025-12-01T17:48:27.883+05:30  WARN 25248 --- [o-auto-1-exec-1] o.h.engine.jdbc.spi.SqlExceptionHelper   : SQL Error: 1048, SQLState: 23000
2025-12-01T17:48:27.884+05:30 ERROR 25248 --- [o-auto-1-exec-1] o.h.engine.jdbc.spi.SqlExceptionHelper   : Column 'name' cannot be null
]]></system-out>
  </testcase>
  <testcase name="test25_getSubscribersMatch_requiresAuth" classname="com.example.demo.ApiIntegrationTests" time="0.024">
    <system-out><![CDATA[test24_registerSubscriber_invalidMissingName_badRequest - PASS
]]></system-out>
  </testcase>
  <testcase name="test26_registerSubscriber_statusCodeIn2xxRange" classname="com.example.demo.ApiIntegrationTests" time="0.023">
    <system-out><![CDATA[test25_getSubscribersMatch_requiresAuth - PASS
Hibernate: 
    insert 
    into
        subscribers
        (email, name, preferred_categories, preferred_locations, subscribed_on) 
    values
        (?, ?, ?, ?, ?)
]]></system-out>
  </testcase>
  <testcase name="test27_generateToken_notNullAndNonEmpty" classname="com.example.demo.ApiIntegrationTests" time="0.121">
    <system-out><![CDATA[test26_registerSubscriber_statusCodeIn2xxRange - PASS
]]></system-out>
  </testcase>
  <testcase name="test28_validateToken_trueForValidToken" classname="com.example.demo.ApiIntegrationTests" time="0.05">
    <system-out><![CDATA[test27_generateToken_notNullAndNonEmpty - PASS
]]></system-out>
  </testcase>
  <testcase name="test29_validateToken_falseForInvalidToken" classname="com.example.demo.ApiIntegrationTests" time="0">
    <system-out><![CDATA[test28_validateToken_trueForValidToken - PASS
]]></system-out>
  </testcase>
  <testcase name="test30_createEvent_statusOk" classname="com.example.demo.ApiIntegrationTests" time="0.036">
    <system-out><![CDATA[test29_validateToken_falseForInvalidToken - PASS
Hibernate: 
    select
        u1_0.id,
        u1_0.email,
        u1_0.name,
        u1_0.password,
        u1_0.role 
    from
        users u1_0 
    where
        u1_0.email=?
Hibernate: 
    select
        u1_0.id,
        u1_0.email,
        u1_0.name,
        u1_0.password,
        u1_0.role 
    from
        users u1_0 
    where
        u1_0.email=?
]]></system-out>
  </testcase>
  <testcase name="test31_getEvent_requiresAuth" classname="com.example.demo.ApiIntegrationTests" time="0.009">
    <system-out><![CDATA[test30_createEvent_statusOk - PASS
]]></system-out>
  </testcase>
  <testcase name="test32_getEventsByOrganizer_requiresAuth" classname="com.example.demo.ApiIntegrationTests" time="0.008">
    <system-out><![CDATA[test31_getEvent_requiresAuth - PASS
]]></system-out>
  </testcase>
  <testcase name="test33_deleteEvent_requiresAuth" classname="com.example.demo.ApiIntegrationTests" time="0.012">
    <system-out><![CDATA[test32_getEventsByOrganizer_requiresAuth - PASS
]]></system-out>
  </testcase>
  <testcase name="test34_createEvent_missingTitle_badRequestOrError" classname="com.example.demo.ApiIntegrationTests" time="0.037">
    <system-out><![CDATA[test33_deleteEvent_requiresAuth - PASS
Hibernate: 
    select
        u1_0.id,
        u1_0.email,
        u1_0.name,
        u1_0.password,
        u1_0.role 
    from
        users u1_0 
    where
        u1_0.email=?
Hibernate: 
    select
        u1_0.id,
        u1_0.email,
        u1_0.name,
        u1_0.password,
        u1_0.role 
    from
        users u1_0 
    where
        u1_0.email=?
]]></system-out>
  </testcase>
  <testcase name="test35_getPublicEvents_statusFamily2xx" classname="com.example.demo.ApiIntegrationTests" time="0.007">
    <system-out><![CDATA[test34_createEvent_missingTitle_badRequestOrError - PASS
Hibernate: 
    select
        e1_0.id,
        e1_0.category,
        e1_0.created_on,
        e1_0.description,
        e1_0.end_time,
        e1_0.is_public,
        e1_0.location,
        e1_0.organizer_id,
        e1_0.start_time,
        e1_0.title 
    from
        events e1_0 
    where
        e1_0.is_public
]]></system-out>
  </testcase>
  <testcase name="test36_getPublicEvents_bodyIsString" classname="com.example.demo.ApiIntegrationTests" time="0.01">
    <system-out><![CDATA[test35_getPublicEvents_statusFamily2xx - PASS
Hibernate: 
    select
        e1_0.id,
        e1_0.category,
        e1_0.created_on,
        e1_0.description,
        e1_0.end_time,
        e1_0.is_public,
        e1_0.location,
        e1_0.organizer_id,
        e1_0.start_time,
        e1_0.title 
    from
        events e1_0 
    where
        e1_0.is_public
]]></system-out>
  </testcase>
  <testcase name="test37_scheduleBroadcast_requiresAuth" classname="com.example.demo.ApiIntegrationTests" time="0.008">
    <system-out><![CDATA[test36_getPublicEvents_bodyIsString - PASS
]]></system-out>
  </testcase>
  <testcase name="test38_runBroadcast_requiresAuth" classname="com.example.demo.ApiIntegrationTests" time="0.009">
    <system-out><![CDATA[test37_scheduleBroadcast_requiresAuth - PASS
]]></system-out>
  </testcase>
  <testcase name="test39_getBroadcastsByEvent_requiresAuth" classname="com.example.demo.ApiIntegrationTests" time="0.008">
    <system-out><![CDATA[test38_runBroadcast_requiresAuth - PASS
]]></system-out>
  </testcase>
  <testcase name="test40_getBroadcastLogs_requiresAuth" classname="com.example.demo.ApiIntegrationTests" time="0.009">
    <system-out><![CDATA[test39_getBroadcastsByEvent_requiresAuth - PASS
]]></system-out>
  </testcase>
  <testcase name="test41_scheduleBroadcast_statusCode4xxOr5xxWithoutAuth" classname="com.example.demo.ApiIntegrationTests" time="0.006">
    <system-out><![CDATA[test40_getBroadcastLogs_requiresAuth - PASS
]]></system-out>
  </testcase>
  <testcase name="test42_runBroadcast_statusCode4xxOr5xxWithoutAuth" classname="com.example.demo.ApiIntegrationTests" time="0.007">
    <system-out><![CDATA[test41_scheduleBroadcast_statusCode4xxOr5xxWithoutAuth - PASS
]]></system-out>
  </testcase>
  <testcase name="test43_getBroadcastsByEvent_statusCode4xxOr5xxWithoutAuth" classname="com.example.demo.ApiIntegrationTests" time="0.008">
    <system-out><![CDATA[test42_runBroadcast_statusCode4xxOr5xxWithoutAuth - PASS
]]></system-out>
  </testcase>
  <testcase name="test44_getBroadcastLogs_statusCode4xxOr5xxWithoutAuth" classname="com.example.demo.ApiIntegrationTests" time="0.008">
    <system-out><![CDATA[test43_getBroadcastsByEvent_statusCode4xxOr5xxWithoutAuth - PASS
]]></system-out>
  </testcase>
  <testcase name="test45_apiBaseUrlStringIsWellFormed" classname="com.example.demo.ApiIntegrationTests" time="0">
    <system-out><![CDATA[test44_getBroadcastLogs_statusCode4xxOr5xxWithoutAuth - PASS
]]></system-out>
  </testcase>
</testsuite>